<?xml version="1.0" encoding="UTF-8"?>
<testsuite xmlns:xsi="http://www.w3.org/2001/XMLSchema-instance" xsi:noNamespaceSchemaLocation="https://maven.apache.org/surefire/maven-surefire-plugin/xsd/surefire-test-report.xsd" name="services.impl.GeneralServiceImplTest" time="0.604" tests="11" errors="0" skipped="0" failures="1">
  <properties>
[...]
</properties>
  <testcase name="testGetChosenCruise" classname="services.impl.GeneralServiceImplTest" time="0.016"/>
  <testcase name="getChosenCruise" classname="services.impl.GeneralServiceImplTest" time="0.047">
    <failure message="expected: dto.CruiseDTO@4108fa66&lt;CruiseDTO(id=1, ship=Ship(name=Ship1, numberOfPorts=12, staff=null, route=null, capacity=200), duration=3, price=3123.0, startDate=2022-04-20, number_of_register_people=3)&gt; but was: dto.CruiseDTO@1f130eaf&lt;CruiseDTO(id=1, ship=Ship(name=Ship1, numberOfPorts=12, staff=null, route=null, capacity=200), duration=3, price=3123.0, startDate=2022-04-20, number_of_register_people=3)&gt;" type="org.opentest4j.AssertionFailedError"><![CDATA[org.opentest4j.AssertionFailedError: expected: dto.CruiseDTO@4108fa66<CruiseDTO(id=1, ship=Ship(name=Ship1, numberOfPorts=12, staff=null, route=null, capacity=200), duration=3, price=3123.0, startDate=2022-04-20, number_of_register_people=3)> but was: dto.CruiseDTO@1f130eaf<CruiseDTO(id=1, ship=Ship(name=Ship1, numberOfPorts=12, staff=null, route=null, capacity=200), duration=3, price=3123.0, startDate=2022-04-20, number_of_register_people=3)>
	at services.impl.GeneralServiceImplTest.getChosenCruise(GeneralServiceImplTest.java:39)
]]></failure>
  </testcase>
  <testcase name="testViewAllUsers" classname="services.impl.GeneralServiceImplTest" time="0"/>
  <testcase name="updateCruise" classname="services.impl.GeneralServiceImplTest" time="0"/>
  <testcase name="getAllShips" classname="services.impl.GeneralServiceImplTest" time="0"/>
  <testcase name="getChosenUser" classname="services.impl.GeneralServiceImplTest" time="0"/>
  <testcase name="getUserAmount" classname="services.impl.GeneralServiceImplTest" time="0"/>
  <testcase name="viewUserOrdersWithPagination" classname="services.impl.GeneralServiceImplTest" time="0"/>
  <testcase name="updateOrderPaymentStatus" classname="services.impl.GeneralServiceImplTest" time="0"/>
  <testcase name="addCruiseToUser" classname="services.impl.GeneralServiceImplTest" time="0"/>
  <testcase name="getOrdersByUser" classname="services.impl.GeneralServiceImplTest" time="0"/>
</testsuite>